<?xml version="1.0" encoding="UTF-8"?>
<testng-results ignored="0" total="1" passed="1" failed="0" skipped="0">
  <reporter-output>
  </reporter-output>
  <suite started-at="2025-02-21T12:32:48 IST" name="Default suite" finished-at="2025-02-21T12:32:48 IST" duration-ms="50">
    <groups>
    </groups>
    <test started-at="2025-02-21T12:32:48 IST" name="Default test" finished-at="2025-02-21T12:32:48 IST" duration-ms="50">
      <class name="testing.simplePrint">
        <test-method signature="add()[pri:0, instance:testing.simplePrint@61d6015a]" started-at="2025-02-21T12:32:48 IST" name="add" finished-at="2025-02-21T12:32:48 IST" duration-ms="10" status="PASS">
          <reporter-output>
          </reporter-output>
        </test-method> <!-- add -->
      </class> <!-- testing.simplePrint -->
    </test> <!-- Default test -->
  </suite> <!-- Default suite -->
</testng-results>
